Using pre-set license
Built from '2020.2/release' branch; Version is '2020.2.2f1 (068178b99f32) revision 426360'; Using compiler version '192528614'; Build Type 'Release'
OS: 'Windows 10 Home; OS build 18363.1379; Version 1909; 64bit' Language: 'nl' Physical Memory: 16251 MB
BatchMode: 1, IsHumanControllingUs: 0, StartBugReporterOnCrash: 0, Is64bit: 1, IsPro: 0

 COMMAND LINE ARGUMENTS:
C:\Program Files\Unity\Hub\Editor\2020.2.2f1\Editor\Unity.exe
-adb2
-batchMode
-noUpm
-name
AssetImportWorker0
-projectPath
C:/Users/daysf/OneDrive/Documenten/GitHub/GPRBerend/GPR Berend
-logFile
Logs/AssetImportWorker0.log
-srvPort
51511
Successfully changed project path to: C:/Users/daysf/OneDrive/Documenten/GitHub/GPRBerend/GPR Berend
C:/Users/daysf/OneDrive/Documenten/GitHub/GPRBerend/GPR Berend
Using Asset Import Pipeline V2.
Refreshing native plugins compatible for Editor in 24.82 ms, found 0 plugins.
Preloading 0 native plugins for Editor in 0.00 ms.
Initialize engine version: 2020.2.2f1 (068178b99f32)
[Subsystems] Discovering subsystems at path C:/Program Files/Unity/Hub/Editor/2020.2.2f1/Editor/Data/Resources/UnitySubsystems
[Subsystems] Discovering subsystems at path C:/Users/daysf/OneDrive/Documenten/GitHub/GPRBerend/GPR Berend/Assets
GfxDevice: creating device client; threaded=0
Direct3D:
    Version:  Direct3D 11.0 [level 11.1]
    Renderer: NVIDIA GeForce RTX 2060 (ID=0x1f15)
    Vendor:   
    VRAM:     5980 MB
    Driver:   27.21.14.6089
Initialize mono
Mono path[0] = 'C:/Program Files/Unity/Hub/Editor/2020.2.2f1/Editor/Data/Managed'
Mono path[1] = 'C:/Program Files/Unity/Hub/Editor/2020.2.2f1/Editor/Data/MonoBleedingEdge/lib/mono/unityjit'
Mono config path = 'C:/Program Files/Unity/Hub/Editor/2020.2.2f1/Editor/Data/MonoBleedingEdge/etc'
Using monoOptions --debugger-agent=transport=dt_socket,embedding=1,server=y,suspend=n,address=127.0.0.1:56452
Begin MonoManager ReloadAssembly
Registering precompiled unity dll's ...
Register platform support module: C:/Program Files/Unity/Hub/Editor/2020.2.2f1/Editor/Data/PlaybackEngines/WindowsStandaloneSupport/UnityEditor.WindowsStandalone.Extensions.dll
Registered in 0.002282 seconds.
Native extension for WindowsStandalone target not found
Refreshing native plugins compatible for Editor in 28.98 ms, found 0 plugins.
Preloading 0 native plugins for Editor in 0.00 ms.
Invoked RoslynAnalysisRunner static constructor.
RoslynAnalysisRunner will not be running.
RoslynAnalysisRunner has terminated.
Mono: successfully reloaded assembly
- Completed reload, in  2.091 seconds
Platform modules already initialized, skipping
Registering precompiled user dll's ...
Registered in 0.001121 seconds.
Begin MonoManager ReloadAssembly
Native extension for WindowsStandalone target not found
Refreshing native plugins compatible for Editor in 0.20 ms, found 0 plugins.
Preloading 0 native plugins for Editor in 0.00 ms.
Invoked RoslynAnalysisRunner static constructor.
RoslynAnalysisRunner will not be running.
RoslynAnalysisRunner has terminated.
Mono: successfully reloaded assembly
- Completed reload, in  0.969 seconds
Platform modules already initialized, skipping
========================================================================
Worker process is ready to serve import requests
Launched and connected shader compiler UnityShaderCompiler.exe after 0.04 seconds
Refreshing native plugins compatible for Editor in 0.21 ms, found 0 plugins.
Preloading 0 native plugins for Editor in 0.00 ms.
Unloading 1100 Unused Serialized files (Serialized files now loaded: 0)
System memory in use before: 56.7 MB.
System memory in use after: 56.7 MB.

Unloading 10 unused Assets to reduce memory usage. Loaded Objects now: 1542.
Total: 2.363600 ms (FindLiveObjects: 0.137000 ms CreateObjectMapping: 0.051400 ms MarkObjects: 2.081100 ms  DeleteObjects: 0.092800 ms)

========================================================================
Received Import Request.
  path: Assets/Damage.cs
  artifactKey: Guid(3f72f061c182f7442a6015997b97bef7) Importer(815301076,1909f56bfc062723c751e8b465ee728b)
Start importing Assets/Damage.cs using Guid(3f72f061c182f7442a6015997b97bef7) Importer(815301076,1909f56bfc062723c751e8b465ee728b)  -> (artifact id: 'e0afd54982ce6730ba5b9fc987216e15') in 0.025200 seconds
  Import took 0.027107 seconds .

========================================================================
Received Import Request.
  Time since last request: 40.462170 seconds.
  path: Assets/Damage.cs
  artifactKey: Guid(3f72f061c182f7442a6015997b97bef7) Importer(815301076,1909f56bfc062723c751e8b465ee728b)
Start importing Assets/Damage.cs using Guid(3f72f061c182f7442a6015997b97bef7) Importer(815301076,1909f56bfc062723c751e8b465ee728b)  -> (artifact id: '75a62f9dde0d0ba841c02a07ca2af1b8') in 0.006878 seconds
  Import took 0.009392 seconds .

========================================================================
Received Import Request.
  Time since last request: 0.000405 seconds.
  path: Assets/Damage.cs
  artifactKey: Guid(3f72f061c182f7442a6015997b97bef7) Importer(815301076,1909f56bfc062723c751e8b465ee728b)
Start importing Assets/Damage.cs using Guid(3f72f061c182f7442a6015997b97bef7) Importer(815301076,1909f56bfc062723c751e8b465ee728b)  -> (artifact id: '75a62f9dde0d0ba841c02a07ca2af1b8') in 0.006661 seconds
  Import took 0.008789 seconds .

========================================================================
Received Prepare
Registering precompiled user dll's ...
Registered in 0.000791 seconds.
Begin MonoManager ReloadAssembly
Native extension for WindowsStandalone target not found
Refreshing native plugins compatible for Editor in 0.21 ms, found 0 plugins.
Preloading 0 native plugins for Editor in 0.00 ms.
Invoked RoslynAnalysisRunner static constructor.
RoslynAnalysisRunner will not be running.
RoslynAnalysisRunner has terminated.
Mono: successfully reloaded assembly
- Completed reload, in  0.756 seconds
Platform modules already initialized, skipping
Refreshing native plugins compatible for Editor in 0.17 ms, found 0 plugins.
Preloading 0 native plugins for Editor in 0.00 ms.
Unloading 1095 Unused Serialized files (Serialized files now loaded: 0)
System memory in use before: 56.7 MB.
System memory in use after: 56.8 MB.

Unloading 5 unused Assets to reduce memory usage. Loaded Objects now: 1544.
Total: 1.376400 ms (FindLiveObjects: 0.154600 ms CreateObjectMapping: 0.038700 ms MarkObjects: 1.142000 ms  DeleteObjects: 0.040300 ms)

========================================================================
Received Prepare
Registering precompiled user dll's ...
Registered in 0.000818 seconds.
Begin MonoManager ReloadAssembly
Native extension for WindowsStandalone target not found
Refreshing native plugins compatible for Editor in 0.18 ms, found 0 plugins.
Preloading 0 native plugins for Editor in 0.00 ms.
Invoked RoslynAnalysisRunner static constructor.
RoslynAnalysisRunner will not be running.
RoslynAnalysisRunner has terminated.
Mono: successfully reloaded assembly
- Completed reload, in  0.772 seconds
Platform modules already initialized, skipping
Refreshing native plugins compatible for Editor in 0.19 ms, found 0 plugins.
Preloading 0 native plugins for Editor in 0.00 ms.
Unloading 1095 Unused Serialized files (Serialized files now loaded: 0)
System memory in use before: 56.9 MB.
System memory in use after: 57.0 MB.

Unloading 5 unused Assets to reduce memory usage. Loaded Objects now: 1546.
Total: 1.215500 ms (FindLiveObjects: 0.104500 ms CreateObjectMapping: 0.028900 ms MarkObjects: 1.045300 ms  DeleteObjects: 0.036000 ms)

========================================================================
Received Import Request.
  Time since last request: 56.951244 seconds.
  path: Assets/Damage.cs
  artifactKey: Guid(3f72f061c182f7442a6015997b97bef7) Importer(815301076,1909f56bfc062723c751e8b465ee728b)
Start importing Assets/Damage.cs using Guid(3f72f061c182f7442a6015997b97bef7) Importer(815301076,1909f56bfc062723c751e8b465ee728b)  -> (artifact id: '4df2e07fdc0e8fe9e0d28a9a729e5ef0') in 0.004489 seconds
  Import took 0.006330 seconds .

========================================================================
Received Prepare
Registering precompiled user dll's ...
Registered in 0.000987 seconds.
Begin MonoManager ReloadAssembly
Native extension for WindowsStandalone target not found
Refreshing native plugins compatible for Editor in 0.19 ms, found 0 plugins.
Preloading 0 native plugins for Editor in 0.00 ms.
Invoked RoslynAnalysisRunner static constructor.
RoslynAnalysisRunner will not be running.
RoslynAnalysisRunner has terminated.
Mono: successfully reloaded assembly
- Completed reload, in  0.760 seconds
Platform modules already initialized, skipping
Refreshing native plugins compatible for Editor in 0.20 ms, found 0 plugins.
Preloading 0 native plugins for Editor in 0.00 ms.
Unloading 1095 Unused Serialized files (Serialized files now loaded: 0)
System memory in use before: 57.0 MB.
System memory in use after: 57.1 MB.

Unloading 5 unused Assets to reduce memory usage. Loaded Objects now: 1548.
Total: 1.617400 ms (FindLiveObjects: 0.134900 ms CreateObjectMapping: 0.040400 ms MarkObjects: 1.392500 ms  DeleteObjects: 0.048600 ms)

========================================================================
Received Import Request.
  Time since last request: 219.690187 seconds.
  path: Assets/End2.cs
  artifactKey: Guid(4568f55209f94484b9acc51508ced1c3) Importer(815301076,1909f56bfc062723c751e8b465ee728b)
Start importing Assets/End2.cs using Guid(4568f55209f94484b9acc51508ced1c3) Importer(815301076,1909f56bfc062723c751e8b465ee728b)  -> (artifact id: 'b207e6d420698ca4aeb5f5ccb1c7239b') in 0.011042 seconds
  Import took 0.012860 seconds .

========================================================================
Received Import Request.
  Time since last request: 0.000816 seconds.
  path: Assets/End2.cs
  artifactKey: Guid(4568f55209f94484b9acc51508ced1c3) Importer(815301076,1909f56bfc062723c751e8b465ee728b)
Start importing Assets/End2.cs using Guid(4568f55209f94484b9acc51508ced1c3) Importer(815301076,1909f56bfc062723c751e8b465ee728b)  -> (artifact id: 'b207e6d420698ca4aeb5f5ccb1c7239b') in 0.003773 seconds
  Import took 0.006152 seconds .

========================================================================
Received Prepare
Registering precompiled user dll's ...
Registered in 0.001148 seconds.
Begin MonoManager ReloadAssembly
Native extension for WindowsStandalone target not found
Refreshing native plugins compatible for Editor in 0.18 ms, found 0 plugins.
Preloading 0 native plugins for Editor in 0.00 ms.
Invoked RoslynAnalysisRunner static constructor.
RoslynAnalysisRunner will not be running.
RoslynAnalysisRunner has terminated.
Mono: successfully reloaded assembly
- Completed reload, in  0.788 seconds
Platform modules already initialized, skipping
Refreshing native plugins compatible for Editor in 0.18 ms, found 0 plugins.
Preloading 0 native plugins for Editor in 0.00 ms.
Unloading 1096 Unused Serialized files (Serialized files now loaded: 0)
System memory in use before: 57.2 MB.
System memory in use after: 57.3 MB.

Unloading 5 unused Assets to reduce memory usage. Loaded Objects now: 1551.
Total: 1.262900 ms (FindLiveObjects: 0.108100 ms CreateObjectMapping: 0.028500 ms MarkObjects: 1.083300 ms  DeleteObjects: 0.042200 ms)

========================================================================
Received Prepare
Registering precompiled user dll's ...
Registered in 0.000875 seconds.
Begin MonoManager ReloadAssembly
Native extension for WindowsStandalone target not found
Refreshing native plugins compatible for Editor in 0.18 ms, found 0 plugins.
Preloading 0 native plugins for Editor in 0.00 ms.
Invoked RoslynAnalysisRunner static constructor.
RoslynAnalysisRunner will not be running.
RoslynAnalysisRunner has terminated.
Mono: successfully reloaded assembly
- Completed reload, in  0.749 seconds
Platform modules already initialized, skipping
Refreshing native plugins compatible for Editor in 0.19 ms, found 0 plugins.
Preloading 0 native plugins for Editor in 0.00 ms.
Unloading 1096 Unused Serialized files (Serialized files now loaded: 0)
System memory in use before: 57.4 MB.
System memory in use after: 57.4 MB.

Unloading 5 unused Assets to reduce memory usage. Loaded Objects now: 1553.
Total: 1.458200 ms (FindLiveObjects: 0.127700 ms CreateObjectMapping: 0.038200 ms MarkObjects: 1.249900 ms  DeleteObjects: 0.041500 ms)

========================================================================
Received Import Request.
  Time since last request: 50.039125 seconds.
  path: Assets/End2.cs
  artifactKey: Guid(4568f55209f94484b9acc51508ced1c3) Importer(815301076,1909f56bfc062723c751e8b465ee728b)
Start importing Assets/End2.cs using Guid(4568f55209f94484b9acc51508ced1c3) Importer(815301076,1909f56bfc062723c751e8b465ee728b)  -> (artifact id: '1f9d958b6181556c54b136022d9f6d7a') in 0.004949 seconds
  Import took 0.006773 seconds .

========================================================================
Received Import Request.
  Time since last request: 3.798112 seconds.
  path: Assets/End2.cs
  artifactKey: Guid(4568f55209f94484b9acc51508ced1c3) Importer(815301076,1909f56bfc062723c751e8b465ee728b)
Start importing Assets/End2.cs using Guid(4568f55209f94484b9acc51508ced1c3) Importer(815301076,1909f56bfc062723c751e8b465ee728b)  -> (artifact id: '1f9d958b6181556c54b136022d9f6d7a') in 0.002855 seconds
  Import took 0.004460 seconds .

========================================================================
Received Import Request.
  Time since last request: 4.379606 seconds.
  path: Assets/End.cs
  artifactKey: Guid(4568f55209f94484b9acc51508ced1c3) Importer(815301076,1909f56bfc062723c751e8b465ee728b)
Start importing Assets/End.cs using Guid(4568f55209f94484b9acc51508ced1c3) Importer(815301076,1909f56bfc062723c751e8b465ee728b)  -> (artifact id: '6e1fb9dba58641983e639942882edf42') in 0.008661 seconds
  Import took 0.010650 seconds .

========================================================================
Received Prepare
Registering precompiled user dll's ...
Registered in 0.000811 seconds.
Begin MonoManager ReloadAssembly
Native extension for WindowsStandalone target not found
Refreshing native plugins compatible for Editor in 0.21 ms, found 0 plugins.
Preloading 0 native plugins for Editor in 0.00 ms.
Invoked RoslynAnalysisRunner static constructor.
RoslynAnalysisRunner will not be running.
RoslynAnalysisRunner has terminated.
Mono: successfully reloaded assembly
- Completed reload, in  0.767 seconds
Platform modules already initialized, skipping
Refreshing native plugins compatible for Editor in 0.19 ms, found 0 plugins.
Preloading 0 native plugins for Editor in 0.00 ms.
Unloading 1096 Unused Serialized files (Serialized files now loaded: 0)
System memory in use before: 57.5 MB.
System memory in use after: 57.6 MB.

Unloading 5 unused Assets to reduce memory usage. Loaded Objects now: 1555.
Total: 1.782500 ms (FindLiveObjects: 0.285700 ms CreateObjectMapping: 0.059100 ms MarkObjects: 1.395100 ms  DeleteObjects: 0.040900 ms)

========================================================================
Received Prepare
Registering precompiled user dll's ...
Registered in 0.000788 seconds.
Begin MonoManager ReloadAssembly
Native extension for WindowsStandalone target not found
Refreshing native plugins compatible for Editor in 0.22 ms, found 0 plugins.
Preloading 0 native plugins for Editor in 0.00 ms.
Invoked RoslynAnalysisRunner static constructor.
RoslynAnalysisRunner will not be running.
RoslynAnalysisRunner has terminated.
Mono: successfully reloaded assembly
- Completed reload, in  0.781 seconds
Platform modules already initialized, skipping
Refreshing native plugins compatible for Editor in 0.21 ms, found 0 plugins.
Preloading 0 native plugins for Editor in 0.00 ms.
Unloading 1096 Unused Serialized files (Serialized files now loaded: 0)
System memory in use before: 57.6 MB.
System memory in use after: 57.7 MB.

Unloading 5 unused Assets to reduce memory usage. Loaded Objects now: 1557.
Total: 1.386300 ms (FindLiveObjects: 0.143300 ms CreateObjectMapping: 0.038600 ms MarkObjects: 1.160800 ms  DeleteObjects: 0.042700 ms)

========================================================================
Received Import Request.
  Time since last request: 397.744204 seconds.
  path: Assets/End.cs
  artifactKey: Guid(4568f55209f94484b9acc51508ced1c3) Importer(815301076,1909f56bfc062723c751e8b465ee728b)
Start importing Assets/End.cs using Guid(4568f55209f94484b9acc51508ced1c3) Importer(815301076,1909f56bfc062723c751e8b465ee728b)  -> (artifact id: '44ccb721673e1a231d0a0bf13fd5215c') in 0.004528 seconds
  Import took 0.006193 seconds .

========================================================================
Received Prepare
Registering precompiled user dll's ...
Registered in 0.000790 seconds.
Begin MonoManager ReloadAssembly
Native extension for WindowsStandalone target not found
Refreshing native plugins compatible for Editor in 0.23 ms, found 0 plugins.
Preloading 0 native plugins for Editor in 0.00 ms.
Invoked RoslynAnalysisRunner static constructor.
RoslynAnalysisRunner will not be running.
RoslynAnalysisRunner has terminated.
Mono: successfully reloaded assembly
- Completed reload, in  0.732 seconds
Platform modules already initialized, skipping
Refreshing native plugins compatible for Editor in 0.20 ms, found 0 plugins.
Preloading 0 native plugins for Editor in 0.00 ms.
Unloading 1096 Unused Serialized files (Serialized files now loaded: 0)
System memory in use before: 57.6 MB.
System memory in use after: 57.7 MB.

Unloading 5 unused Assets to reduce memory usage. Loaded Objects now: 1559.
Total: 2.149000 ms (FindLiveObjects: 0.225100 ms CreateObjectMapping: 0.086600 ms MarkObjects: 1.771400 ms  DeleteObjects: 0.064800 ms)

========================================================================
Received Prepare
Registering precompiled user dll's ...
Registered in 0.000762 seconds.
Begin MonoManager ReloadAssembly
Native extension for WindowsStandalone target not found
Refreshing native plugins compatible for Editor in 0.18 ms, found 0 plugins.
Preloading 0 native plugins for Editor in 0.00 ms.
Invoked RoslynAnalysisRunner static constructor.
RoslynAnalysisRunner will not be running.
RoslynAnalysisRunner has terminated.
Mono: successfully reloaded assembly
- Completed reload, in  0.721 seconds
Platform modules already initialized, skipping
Refreshing native plugins compatible for Editor in 0.18 ms, found 0 plugins.
Preloading 0 native plugins for Editor in 0.00 ms.
Unloading 1096 Unused Serialized files (Serialized files now loaded: 0)
System memory in use before: 57.9 MB.
System memory in use after: 57.9 MB.

Unloading 5 unused Assets to reduce memory usage. Loaded Objects now: 1561.
Total: 1.303200 ms (FindLiveObjects: 0.117000 ms CreateObjectMapping: 0.034100 ms MarkObjects: 1.110200 ms  DeleteObjects: 0.040900 ms)

========================================================================
Received Prepare
Registering precompiled user dll's ...
Registered in 0.000744 seconds.
Begin MonoManager ReloadAssembly
Native extension for WindowsStandalone target not found
Refreshing native plugins compatible for Editor in 0.18 ms, found 0 plugins.
Preloading 0 native plugins for Editor in 0.00 ms.
Invoked RoslynAnalysisRunner static constructor.
RoslynAnalysisRunner will not be running.
RoslynAnalysisRunner has terminated.
Mono: successfully reloaded assembly
- Completed reload, in  0.757 seconds
Platform modules already initialized, skipping
Refreshing native plugins compatible for Editor in 0.20 ms, found 0 plugins.
Preloading 0 native plugins for Editor in 0.00 ms.
Unloading 1096 Unused Serialized files (Serialized files now loaded: 0)
System memory in use before: 58.0 MB.
System memory in use after: 58.1 MB.

Unloading 5 unused Assets to reduce memory usage. Loaded Objects now: 1563.
Total: 1.831200 ms (FindLiveObjects: 0.123300 ms CreateObjectMapping: 0.033500 ms MarkObjects: 1.616400 ms  DeleteObjects: 0.056700 ms)

========================================================================
Received Prepare
Registering precompiled user dll's ...
Registered in 0.001015 seconds.
Begin MonoManager ReloadAssembly
Native extension for WindowsStandalone target not found
Refreshing native plugins compatible for Editor in 0.42 ms, found 0 plugins.
Preloading 0 native plugins for Editor in 0.00 ms.
Invoked RoslynAnalysisRunner static constructor.
RoslynAnalysisRunner will not be running.
RoslynAnalysisRunner has terminated.
Mono: successfully reloaded assembly
- Completed reload, in  1.147 seconds
Platform modules already initialized, skipping
Refreshing native plugins compatible for Editor in 0.24 ms, found 0 plugins.
Preloading 0 native plugins for Editor in 0.00 ms.
Unloading 1096 Unused Serialized files (Serialized files now loaded: 0)
System memory in use before: 58.1 MB.
System memory in use after: 58.2 MB.

Unloading 5 unused Assets to reduce memory usage. Loaded Objects now: 1565.
Total: 1.962800 ms (FindLiveObjects: 0.170900 ms CreateObjectMapping: 0.082100 ms MarkObjects: 1.663100 ms  DeleteObjects: 0.045500 ms)

========================================================================
Received Import Request.
  Time since last request: 259.729848 seconds.
  path: Assets/Script
  artifactKey: Guid(2c13950d141afe74e9e9074f813b3809) Importer(815301076,1909f56bfc062723c751e8b465ee728b)
Start importing Assets/Script using Guid(2c13950d141afe74e9e9074f813b3809) Importer(815301076,1909f56bfc062723c751e8b465ee728b)  -> (artifact id: 'a37e89a88fe26cf023f0de296fe62435') in 0.010650 seconds
  Import took 0.012741 seconds .

========================================================================
Received Import Request.
  Time since last request: 0.002419 seconds.
  path: Assets/Script
  artifactKey: Guid(2c13950d141afe74e9e9074f813b3809) Importer(815301076,1909f56bfc062723c751e8b465ee728b)
Start importing Assets/Script using Guid(2c13950d141afe74e9e9074f813b3809) Importer(815301076,1909f56bfc062723c751e8b465ee728b)  -> (artifact id: 'a37e89a88fe26cf023f0de296fe62435') in 0.003881 seconds
  Import took 0.005763 seconds .

========================================================================
Received Prepare
Registering precompiled user dll's ...
Registered in 0.000760 seconds.
Begin MonoManager ReloadAssembly
Native extension for WindowsStandalone target not found
Refreshing native plugins compatible for Editor in 0.38 ms, found 0 plugins.
Preloading 0 native plugins for Editor in 0.00 ms.
Invoked RoslynAnalysisRunner static constructor.
RoslynAnalysisRunner will not be running.
RoslynAnalysisRunner has terminated.
Mono: successfully reloaded assembly
- Completed reload, in  0.920 seconds
Platform modules already initialized, skipping
Refreshing native plugins compatible for Editor in 0.21 ms, found 0 plugins.
Preloading 0 native plugins for Editor in 0.00 ms.
Unloading 1096 Unused Serialized files (Serialized files now loaded: 0)
System memory in use before: 58.2 MB.
System memory in use after: 58.3 MB.

Unloading 5 unused Assets to reduce memory usage. Loaded Objects now: 1567.
Total: 1.513300 ms (FindLiveObjects: 0.128300 ms CreateObjectMapping: 0.036700 ms MarkObjects: 1.299600 ms  DeleteObjects: 0.047400 ms)

========================================================================
Received Prepare
Registering precompiled user dll's ...
Registered in 0.000778 seconds.
Begin MonoManager ReloadAssembly
Native extension for WindowsStandalone target not found
Refreshing native plugins compatible for Editor in 0.20 ms, found 0 plugins.
Preloading 0 native plugins for Editor in 0.00 ms.
Invoked RoslynAnalysisRunner static constructor.
RoslynAnalysisRunner will not be running.
RoslynAnalysisRunner has terminated.
Mono: successfully reloaded assembly
- Completed reload, in  0.801 seconds
Platform modules already initialized, skipping
Refreshing native plugins compatible for Editor in 0.18 ms, found 0 plugins.
Preloading 0 native plugins for Editor in 0.00 ms.
Unloading 1096 Unused Serialized files (Serialized files now loaded: 0)
System memory in use before: 58.4 MB.
System memory in use after: 58.4 MB.

Unloading 5 unused Assets to reduce memory usage. Loaded Objects now: 1569.
Total: 1.258800 ms (FindLiveObjects: 0.115200 ms CreateObjectMapping: 0.031200 ms MarkObjects: 1.073800 ms  DeleteObjects: 0.037700 ms)

========================================================================
Received Prepare
Registering precompiled user dll's ...
Registered in 0.000835 seconds.
Begin MonoManager ReloadAssembly
Native extension for WindowsStandalone target not found
Refreshing native plugins compatible for Editor in 0.18 ms, found 0 plugins.
Preloading 0 native plugins for Editor in 0.00 ms.
Invoked RoslynAnalysisRunner static constructor.
RoslynAnalysisRunner will not be running.
RoslynAnalysisRunner has terminated.
Mono: successfully reloaded assembly
- Completed reload, in  0.742 seconds
Platform modules already initialized, skipping
Refreshing native plugins compatible for Editor in 0.21 ms, found 0 plugins.
Preloading 0 native plugins for Editor in 0.00 ms.
Unloading 1096 Unused Serialized files (Serialized files now loaded: 0)
System memory in use before: 58.5 MB.
System memory in use after: 58.6 MB.

Unloading 5 unused Assets to reduce memory usage. Loaded Objects now: 1571.
Total: 1.438600 ms (FindLiveObjects: 0.118200 ms CreateObjectMapping: 0.033100 ms MarkObjects: 1.242300 ms  DeleteObjects: 0.044000 ms)

========================================================================
Received Prepare
Registering precompiled user dll's ...
Registered in 0.000849 seconds.
Begin MonoManager ReloadAssembly
Native extension for WindowsStandalone target not found
Refreshing native plugins compatible for Editor in 0.19 ms, found 0 plugins.
Preloading 0 native plugins for Editor in 0.00 ms.
Invoked RoslynAnalysisRunner static constructor.
RoslynAnalysisRunner will not be running.
RoslynAnalysisRunner has terminated.
Mono: successfully reloaded assembly
- Completed reload, in  0.749 seconds
Platform modules already initialized, skipping
Refreshing native plugins compatible for Editor in 0.21 ms, found 0 plugins.
Preloading 0 native plugins for Editor in 0.00 ms.
Unloading 1096 Unused Serialized files (Serialized files now loaded: 0)
System memory in use before: 58.6 MB.
System memory in use after: 58.7 MB.

Unloading 5 unused Assets to reduce memory usage. Loaded Objects now: 1573.
Total: 1.253700 ms (FindLiveObjects: 0.125000 ms CreateObjectMapping: 0.034300 ms MarkObjects: 1.055600 ms  DeleteObjects: 0.037900 ms)

========================================================================
Received Import Request.
  Time since last request: 119.478231 seconds.
  path: Assets/Script/Damage.cs
  artifactKey: Guid(3f72f061c182f7442a6015997b97bef7) Importer(815301076,1909f56bfc062723c751e8b465ee728b)
Start importing Assets/Script/Damage.cs using Guid(3f72f061c182f7442a6015997b97bef7) Importer(815301076,1909f56bfc062723c751e8b465ee728b)  -> (artifact id: '4c3235f033a86d791136de15f196ffe3') in 0.007641 seconds
  Import took 0.009346 seconds .

AssetImportWorkerClient::OnTransportError - code=2 error=End of file
